<?xml version="1.0" encoding="UTF-8" ?>
<testsuite errors="0" skipped="0" tests="1" time="0.125" failures="0" name="com.mycompany.app.AppTest">
  <properties>
    <property value="Java(TM) 2 Runtime Environment, Standard Edition" name="java.runtime.name"/>
    <property value="C:\bea\jdk150_04\jre\bin" name="sun.boot.library.path"/>
    <property value="1.5.0_04-b05" name="java.vm.version"/>
    <property value="Sun Microsystems Inc." name="java.vm.vendor"/>
    <property value="http://java.sun.com/" name="java.vendor.url"/>
    <property value=";" name="path.separator"/>
    <property value="Java HotSpot(TM) Client VM" name="java.vm.name"/>
    <property value="sun.io" name="file.encoding.pkg"/>
    <property value="US" name="user.country"/>
    <property value="Service Pack 3" name="sun.os.patch.level"/>
    <property value="Java Virtual Machine Specification" name="java.vm.specification.name"/>
    <property value="C:\myProgramFiles\eclipse Helios\workspace\my-app" name="user.dir"/>
    <property value="1.5.0_04-b05" name="java.runtime.version"/>
    <property value="sun.awt.Win32GraphicsEnvironment" name="java.awt.graphicsenv"/>
    <property value="C:\myProgramFiles\eclipse Helios\workspace\my-app" name="basedir"/>
    <property value="C:\bea\jdk150_04\jre\lib\endorsed" name="java.endorsed.dirs"/>
    <property value="x86" name="os.arch"/>
    <property value="C:\myProgramFiles\eclipse Helios\workspace\my-app\target\surefire\surefirebooter44991.jar" name="surefire.real.class.path"/>
    <property value="C:\DOCUME~1\duonminh\LOCALS~1\Temp\" name="java.io.tmpdir"/>
    <property value="
" name="line.separator"/>
    <property value="Sun Microsystems Inc." name="java.vm.specification.vendor"/>
    <property value="" name="user.variant"/>
    <property value="Windows XP" name="os.name"/>
    <property value="Cp1252" name="sun.jnu.encoding"/>
    <property value="C:\bea\jdk150_04\jre\bin;.;C:\WINDOWS\system32;C:\WINDOWS;C:\myProgramFiles\apache-maven-3.0.3\bin;c:\ORACLE\product\10.2.0\client_1\bin;C:\bea\jdk150_04\bin;C:\bea\weblogic91\server\bin;C:\Program Files\RA2HP\;C:\WINDOWS\system32;C:\WINDOWS;C:\WINDOWS\System32\Wbem;c:\Program Files\ActivIdentity\ActivClient\;C:\Program Files\Borland\StarTeam SDK 11.0\Lib;C:\Program Files\Borland\StarTeam SDK 11.0\Bin;C:\Program Files\Borland\StarTeam SDK 10.4\Lib;C:\Program Files\Borland\StarTeam SDK 10.4\Bin;C:\Program Files\Common Files\HP\Digital Imaging\\bin;C:\Program Files\IBM\Personal Communications\;C:\Program Files\IBM\Trace Facility\;C:\WINDOWS\system32\WindowsPowerShell\v1.0" name="java.library.path"/>
    <property value="C:\myProgramFiles\eclipse Helios\workspace\my-app\target\test-classes;C:\myProgramFiles\eclipse Helios\workspace\my-app\target\classes;C:\Documents and Settings\duonminh\.m2\repository\junit\junit\3.8.1\junit-3.8.1.jar;C:\Documents and Settings\duonminh\.m2\repository\log4j\log4j\1.2.8\log4j-1.2.8.jar;" name="surefire.test.class.path"/>
    <property value="Java Platform API Specification" name="java.specification.name"/>
    <property value="49.0" name="java.class.version"/>
    <property value="HotSpot Client Compiler" name="sun.management.compiler"/>
    <property value="5.1" name="os.version"/>
    <property value="C:\Documents and Settings\duonminh" name="user.home"/>
    <property value="America/Chicago" name="user.timezone"/>
    <property value="sun.awt.windows.WPrinterJob" name="java.awt.printerjob"/>
    <property value="Cp1252" name="file.encoding"/>
    <property value="1.5" name="java.specification.version"/>
    <property value="duonminh" name="user.name"/>
    <property value="C:\myProgramFiles\eclipse Helios\workspace\my-app\target\test-classes;C:\myProgramFiles\eclipse Helios\workspace\my-app\target\classes;C:\Documents and Settings\duonminh\.m2\repository\junit\junit\3.8.1\junit-3.8.1.jar;C:\Documents and Settings\duonminh\.m2\repository\log4j\log4j\1.2.8\log4j-1.2.8.jar;" name="java.class.path"/>
    <property value="1.0" name="java.vm.specification.version"/>
    <property value="32" name="sun.arch.data.model"/>
    <property value="C:\bea\jdk150_04\jre" name="java.home"/>
    <property value="Sun Microsystems Inc." name="java.specification.vendor"/>
    <property value="en" name="user.language"/>
    <property value="sun.awt.windows.WToolkit" name="awt.toolkit"/>
    <property value="mixed mode" name="java.vm.info"/>
    <property value="1.5.0_04" name="java.version"/>
    <property value="C:\bea\jdk150_04\jre\lib\ext" name="java.ext.dirs"/>
    <property value="C:\bea\jdk150_04\jre\lib\rt.jar;C:\bea\jdk150_04\jre\lib\i18n.jar;C:\bea\jdk150_04\jre\lib\sunrsasign.jar;C:\bea\jdk150_04\jre\lib\jsse.jar;C:\bea\jdk150_04\jre\lib\jce.jar;C:\bea\jdk150_04\jre\lib\charsets.jar;C:\bea\jdk150_04\jre\classes" name="sun.boot.class.path"/>
    <property value="Sun Microsystems Inc." name="java.vendor"/>
    <property value="C:\Documents and Settings\duonminh\.m2\repository" name="localRepository"/>
    <property value="\" name="file.separator"/>
    <property value="http://java.sun.com/cgi-bin/bugreport.cgi" name="java.vendor.url.bug"/>
    <property value="little" name="sun.cpu.endian"/>
    <property value="UnicodeLittle" name="sun.io.unicode.encoding"/>
    <property value="windows" name="sun.desktop"/>
    <property value="pentium_pro+mmx pentium_pro pentium+mmx pentium i486 i386 i86" name="sun.cpu.isalist"/>
  </properties>
  <testcase classname="com.mycompany.app.AppTest" time="0.109" name="testApp"/>
</testsuite>